<?xml version="1.0" encoding="UTF-8"?>
<!-- Generated by org.testng.reporters.JUnitReportReporter -->
<testsuite skipped="0" hostname="LAPTOP-MH795CF3" name="scripts.p2" tests="1" failures="0" timestamp="2023-01-19T21:04:05 IST" time="9.455" errors="0">
  <testcase name="sakshiHomePageCheckingSortedValues" time="9.455" classname="scripts.p2"/>
  <system-out/>
</testsuite> <!-- scripts.p2 -->
